<?xml version="1.0" encoding="UTF-8"?>
<!-- Generated by org.testng.reporters.JUnitReportReporter -->
<testsuite hostname="Surajs-MacBook-Air.local" failures="0" tests="1" name="testNG.Test2" time="48.425" errors="0" timestamp="2023-05-15T01:12:25 IST" skipped="0">
  <testcase classname="testNG.Test2" name="tc3" time="48.425"/>
  <system-out/>
</testsuite> <!-- testNG.Test2 -->
