<?xml version="1.0" encoding="UTF-8"?>
<!-- Generated by org.testng.reporters.JUnitReportReporter -->
<testsuite hostname="Surajs-MacBook-Air.local" failures="0" tests="1" name="synchronization.Test0" time="34.267" errors="0" timestamp="2023-05-09T18:20:11 IST" skipped="0">
  <testcase classname="synchronization.Test0" name="demo" time="34.267"/>
  <system-out/>
</testsuite> <!-- synchronization.Test0 -->
