<?xml version="1.0" encoding="UTF-8"?>
<!-- Generated by org.testng.reporters.JUnitReportReporter -->
<testsuite hostname="Surajs-MacBook-Air.local" failures="0" tests="1" name="testNG.Test6" time="109.812" errors="0" timestamp="2023-05-19T04:45:35 IST" skipped="0">
  <testcase classname="testNG.Test6" name="flipkart" time="109.812"/>
  <system-out/>
</testsuite> <!-- testNG.Test6 -->
