<?xml version="1.0" encoding="UTF-8"?>
<!-- Generated by org.testng.reporters.JUnitReportReporter -->
<testsuite hostname="Surajs-MacBook-Air.local" failures="0" tests="1" name="javascript.Test2" time="14.115" errors="0" timestamp="2023-05-11T01:42:54 IST" skipped="0">
  <testcase classname="javascript.Test2" name="demo" time="14.115"/>
  <system-out/>
</testsuite> <!-- javascript.Test2 -->
