<?xml version="1.0" encoding="UTF-8"?>
<!-- Generated by org.testng.reporters.JUnitReportReporter -->
<testsuite hostname="Surajs-MacBook-Air.local" failures="0" tests="1" name="actions.Test1" time="24.067" errors="0" timestamp="2023-05-11T22:07:24 IST" skipped="0">
  <testcase classname="actions.Test1" name="demo" time="24.067"/>
  <system-out/>
</testsuite> <!-- actions.Test1 -->
