<?xml version="1.0" encoding="UTF-8"?>
<!-- Generated by org.testng.reporters.JUnitReportReporter -->
<testsuite hostname="Surajs-MacBook-Air.local" failures="0" tests="1" name="javascript.Test0" time="39.076" errors="0" timestamp="2023-05-10T15:44:00 IST" skipped="0">
  <testcase classname="javascript.Test0" name="demo" time="39.076"/>
  <system-out/>
</testsuite> <!-- javascript.Test0 -->
