<?xml version="1.0" encoding="UTF-8"?>
<!-- Generated by org.testng.reporters.JUnitReportReporter -->
<testsuite hostname="Surajs-MacBook-Air.local" failures="0" tests="1" name="testNG.Test1" time="21.188" errors="0" timestamp="2023-05-15T01:12:25 IST" skipped="0">
  <testcase classname="testNG.Test1" name="tc2" time="21.188"/>
  <system-out/>
</testsuite> <!-- testNG.Test1 -->
