<?xml version="1.0" encoding="UTF-8"?>
<!-- Generated by org.testng.reporters.JUnitReportReporter -->
<testsuite hostname="Surajs-MacBook-Air.local" failures="0" tests="3" name="testNG.Sample" time="61.644" errors="0" timestamp="2023-05-16T03:54:23 IST" skipped="0">
  <testcase classname="testNG.Sample" name="tc1" time="20.697"/>
  <system-out/>
  <testcase classname="testNG.Sample" name="tc1" time="22.762"/>
  <system-out/>
  <testcase classname="testNG.Sample" name="tc1" time="18.185"/>
  <system-out/>
</testsuite> <!-- testNG.Sample -->
