<?xml version="1.0" encoding="UTF-8"?>
<!-- Generated by org.testng.reporters.JUnitReportReporter -->
<testsuite hostname="Surajs-MacBook-Air.local" failures="0" tests="1" name="synchronization.Test1" time="32.560" errors="0" timestamp="2023-05-09T18:42:36 IST" skipped="0">
  <testcase classname="synchronization.Test1" name="demo1" time="32.560"/>
  <system-out/>
</testsuite> <!-- synchronization.Test1 -->
