<?xml version="1.0" encoding="UTF-8"?>
<!-- Generated by org.testng.reporters.JUnitReportReporter -->
<testsuite hostname="Surajs-MacBook-Air.local" failures="0" tests="1" name="javascript.Test1" time="40.709" errors="0" timestamp="2023-05-11T00:52:26 IST" skipped="0">
  <testcase classname="javascript.Test1" name="demo" time="40.709"/>
  <system-out/>
</testsuite> <!-- javascript.Test1 -->
