<?xml version="1.0" encoding="UTF-8"?>
<!-- Generated by org.testng.reporters.JUnitReportReporter -->
<testsuite hostname="Surajs-MacBook-Air.local" failures="0" tests="1" name="actions.Test0" time="17.937" errors="0" timestamp="2023-05-11T16:12:01 IST" skipped="0">
  <testcase classname="actions.Test0" name="demo" time="17.937"/>
  <system-out/>
</testsuite> <!-- actions.Test0 -->
