<?xml version="1.0" encoding="UTF-8"?>
<!-- Generated by org.testng.reporters.JUnitReportReporter -->
<testsuite hostname="Surajs-MacBook-Air.local" failures="0" tests="1" name="testNG.Demo" time="0.013" errors="0" timestamp="2023-05-15T02:11:24 IST" skipped="0">
  <testcase classname="testNG.Demo" name="deleteCustomer" time="0.013"/>
  <system-out>
deleteCustomer  </system-out>
</testsuite> <!-- testNG.Demo -->
