<?xml version="1.0" encoding="UTF-8"?>
<!-- Generated by org.testng.reporters.JUnitReportReporter -->
<testsuite hostname="Surajs-MacBook-Air.local" failures="0" tests="1" name="testNG.Test5" time="38.835" errors="0" timestamp="2023-05-16T14:28:48 IST" skipped="0">
  <testcase classname="testNG.Test5" name="tc4" time="38.835"/>
  <system-out>
on test starts on test success  </system-out>
</testsuite> <!-- testNG.Test5 -->
