<?xml version="1.0" encoding="UTF-8"?>
<!-- Generated by org.testng.reporters.JUnitReportReporter -->
<testsuite hostname="Surajs-MacBook-Air.local" failures="0" tests="1" name="dataDriven.Test0" time="21.653" errors="0" timestamp="2023-05-13T01:33:56 IST" skipped="0">
  <testcase classname="dataDriven.Test0" name="demo" time="21.653"/>
  <system-out/>
</testsuite> <!-- dataDriven.Test0 -->
